Unity Editor version:    2021.3.13f1 (9e7d58001ecf)
Branch:                  2021.3/staging
Build type:              Release
Batch mode:              YES
macOS version:           Version 13.1 (Build 22C65)
Darwin version:          22.2.0
Architecture:            arm64
Running under Rosetta:   NO
Available memory:        8192 MB
Using pre-set license
Pro License: YES

COMMAND LINE ARGUMENTS:
/Applications/Unity/Hub/Editor/2021.3.13f1/Unity.app/Contents/MacOS/Unity
-adb2
-batchMode
-noUpm
-name
AssetImportWorker0
-projectPath
/Users/linwenhao/Library/CloudStorage/OneDrive-ROCHorizonCollege/学习/learn_unity/Prototype 3
-logFile
Logs/AssetImportWorker0.log
-srvPort
50478
Successfully changed project path to: /Users/linwenhao/Library/CloudStorage/OneDrive-ROCHorizonCollege/学习/learn_unity/Prototype 3
/Users/linwenhao/Library/CloudStorage/OneDrive-ROCHorizonCollege/学习/learn_unity/Prototype 3
[UnityMemory] Configuration Parameters - Can be set up in boot.config
    "memorysetup-bucket-allocator-granularity=16"
    "memorysetup-bucket-allocator-bucket-count=8"
    "memorysetup-bucket-allocator-block-size=33554432"
    "memorysetup-bucket-allocator-block-count=8"
    "memorysetup-main-allocator-block-size=16777216"
    "memorysetup-thread-allocator-block-size=16777216"
    "memorysetup-gfx-main-allocator-block-size=16777216"
    "memorysetup-gfx-thread-allocator-block-size=16777216"
    "memorysetup-cache-allocator-block-size=4194304"
    "memorysetup-typetree-allocator-block-size=2097152"
    "memorysetup-profiler-bucket-allocator-granularity=16"
    "memorysetup-profiler-bucket-allocator-bucket-count=8"
    "memorysetup-profiler-bucket-allocator-block-size=33554432"
    "memorysetup-profiler-bucket-allocator-block-count=8"
    "memorysetup-profiler-allocator-block-size=16777216"
    "memorysetup-profiler-editor-allocator-block-size=1048576"
    "memorysetup-temp-allocator-size-main=16777216"
    "memorysetup-job-temp-allocator-block-size=2097152"
    "memorysetup-job-temp-allocator-block-size-background=1048576"
    "memorysetup-job-temp-allocator-reduction-small-platforms=262144"
    "memorysetup-temp-allocator-size-background-worker=32768"
    "memorysetup-temp-allocator-size-job-worker=262144"
    "memorysetup-temp-allocator-size-preload-manager=33554432"
    "memorysetup-temp-allocator-size-nav-mesh-worker=65536"
    "memorysetup-temp-allocator-size-audio-worker=65536"
    "memorysetup-temp-allocator-size-cloud-worker=32768"
    "memorysetup-temp-allocator-size-gi-baking-worker=262144"
    "memorysetup-temp-allocator-size-gfx=262144"
Refreshing native plugins compatible for Editor in 86.44 ms, found 2 plugins.
Preloading 0 native plugins for Editor in 0.00 ms.
Initialize engine version: 2021.3.13f1 (9e7d58001ecf)
[Subsystems] Discovering subsystems at path /Applications/Unity/Hub/Editor/2021.3.13f1/Unity.app/Contents/Resources/UnitySubsystems
[Subsystems] Discovering subsystems at path /Users/linwenhao/Library/CloudStorage/OneDrive-ROCHorizonCollege/学习/learn_unity/Prototype 3/Assets
GfxDevice: creating device client; threaded=0; jobified=0
 preferred device: Apple M1 (high power)
Metal devices available: 1
0: Apple M1 (high power)
Using device Apple M1 (high power)
Initializing Metal device caps: Apple M1
Initialize mono
Mono path[0] = '/Applications/Unity/Hub/Editor/2021.3.13f1/Unity.app/Contents/Managed'
Mono path[1] = '/Applications/Unity/Hub/Editor/2021.3.13f1/Unity.app/Contents/MonoBleedingEdge/lib/mono/unityjit-macos'
Mono config path = '/Applications/Unity/Hub/Editor/2021.3.13f1/Unity.app/Contents/MonoBleedingEdge/etc'
Using monoOptions --debugger-agent=transport=dt_socket,embedding=1,server=y,suspend=n,address=127.0.0.1:56393
Begin MonoManager ReloadAssembly
Registering precompiled unity dll's ...
Register platform support module: /Applications/Unity/Hub/Editor/2021.3.13f1/PlaybackEngines/WebGLSupport/UnityEditor.WebGL.Extensions.dll
Register platform support module: /Applications/Unity/Hub/Editor/2021.3.13f1/Unity.app/Contents/PlaybackEngines/MacStandaloneSupport/UnityEditor.OSXStandalone.Extensions.dll
Registered in 0.002211 seconds.
Native extension for OSXStandalone target not found
Native extension for WebGL target not found
Refreshing native plugins compatible for Editor in 71.44 ms, found 2 plugins.
Preloading 0 native plugins for Editor in 0.00 ms.
Mono: successfully reloaded assembly
- Completed reload, in  0.437 seconds
Domain Reload Profiling:
	ReloadAssembly (437ms)
		BeginReloadAssembly (57ms)
			ExecutionOrderSort (0ms)
			DisableScriptedObjects (0ms)
			BackupInstance (0ms)
			ReleaseScriptingObjects (0ms)
			CreateAndSetChildDomain (1ms)
		EndReloadAssembly (310ms)
			LoadAssemblies (57ms)
			RebuildTransferFunctionScriptingTraits (0ms)
			SetupTypeCache (72ms)
			ReleaseScriptCaches (0ms)
			RebuildScriptCaches (20ms)
			SetupLoadedEditorAssemblies (190ms)
				LogAssemblyErrors (0ms)
				InitializePlatformSupportModulesInManaged (4ms)
				SetLoadedEditorAssemblies (0ms)
				RefreshPlugins (71ms)
				BeforeProcessingInitializeOnLoad (1ms)
				ProcessInitializeOnLoadAttributes (88ms)
				ProcessInitializeOnLoadMethodAttributes (26ms)
				AfterProcessingInitializeOnLoad (0ms)
				EditorAssembliesLoaded (0ms)
			ExecutionOrderSort2 (0ms)
			AwakeInstancesAfterBackupRestoration (0ms)
Platform modules already initialized, skipping
Registering precompiled user dll's ...
Registered in 0.005806 seconds.
Begin MonoManager ReloadAssembly
Symbol file LoadedFromMemory doesn't match image /Users/linwenhao/Library/CloudStorage/OneDrive-ROCHorizonCollege/学习/learn_unity/Prototype 3/Library/PackageCache/com.unity.visualscripting@1.7.8/Editor/VisualScripting.Core/Dependencies/YamlDotNet/Unity.VisualScripting.YamlDotNet.dll
Symbol file LoadedFromMemory doesn't match image /Users/linwenhao/Library/CloudStorage/OneDrive-ROCHorizonCollege/学习/learn_unity/Prototype 3/Library/PackageCache/com.unity.visualscripting@1.7.8/Editor/VisualScripting.Core/Dependencies/DotNetZip/Unity.VisualScripting.IonicZip.dll
Native extension for OSXStandalone target not found
Native extension for WebGL target not found
Refreshing native plugins compatible for Editor in 0.42 ms, found 2 plugins.
Preloading 0 native plugins for Editor in 0.00 ms.
Mono: successfully reloaded assembly
- Completed reload, in  0.643 seconds
Domain Reload Profiling:
	ReloadAssembly (644ms)
		BeginReloadAssembly (60ms)
			ExecutionOrderSort (0ms)
			DisableScriptedObjects (3ms)
			BackupInstance (0ms)
			ReleaseScriptingObjects (0ms)
			CreateAndSetChildDomain (16ms)
		EndReloadAssembly (514ms)
			LoadAssemblies (54ms)
			RebuildTransferFunctionScriptingTraits (0ms)
			SetupTypeCache (175ms)
			ReleaseScriptCaches (0ms)
			RebuildScriptCaches (32ms)
			SetupLoadedEditorAssemblies (227ms)
				LogAssemblyErrors (0ms)
				InitializePlatformSupportModulesInManaged (3ms)
				SetLoadedEditorAssemblies (0ms)
				RefreshPlugins (0ms)
				BeforeProcessingInitializeOnLoad (61ms)
				ProcessInitializeOnLoadAttributes (144ms)
				ProcessInitializeOnLoadMethodAttributes (18ms)
				AfterProcessingInitializeOnLoad (1ms)
				EditorAssembliesLoaded (0ms)
			ExecutionOrderSort2 (0ms)
			AwakeInstancesAfterBackupRestoration (2ms)
Platform modules already initialized, skipping
========================================================================
Worker process is ready to serve import requests
Launching external process: /Applications/Unity/Hub/Editor/2021.3.13f1/Unity.app/Contents/Tools/UnityShaderCompiler
Launched and connected shader compiler UnityShaderCompiler after 0.05 seconds
Refreshing native plugins compatible for Editor in 0.40 ms, found 2 plugins.
Preloading 0 native plugins for Editor in 0.00 ms.
Unloading 3350 Unused Serialized files (Serialized files now loaded: 0)
Unloading 27 unused Assets / (85.3 KB). Loaded Objects now: 3807.
Memory consumption went from 103.6 MB to 103.5 MB.
Total: 2.323500 ms (FindLiveObjects: 0.118375 ms CreateObjectMapping: 0.045625 ms MarkObjects: 2.072833 ms  DeleteObjects: 0.085708 ms)

AssetImportParameters requested are different than current active one (requested -> active):
  custom:video-decoder-ogg-theora: a1e56fd34408186e4bbccfd4996cb3dc -> 
  custom:container-muxer-webm: aa71ff27fc2769a1b78a27578f13a17b -> 
  custom:container-demuxer-webm: 4f35f7cbe854078d1ac9338744f61a02 -> 
  custom:video-encoder-webm-vp8: eb34c28f22e8b96e1ab97ce403110664 -> 
  custom:framework-osx-AVFoundation: e770b220cccbd017edd2c1fefb359320 -> 
  custom:audio-encoder-webm-vorbis: bf7c407c2cedff20999df2af8eb42d56 -> 
  custom:container-demuxer-ogg: 62fdf1f143b41e24485cea50d1cbac27 -> 
  custom:video-decoder-webm-vp8: 9c59270c3fd7afecdb556c50c9e8de78 -> 
  custom:audio-decoder-ogg-vorbis: bf7c407c2cedff20999df2af8eb42d56 -> 
========================================================================
Received Import Request.
  Time since last request: 10831.291732 seconds.
  path: Assets/Course Library
  artifactKey: Guid(2ba80c39eae1f41cabe635f43844c023) Importer(815301076,1909f56bfc062723c751e8b465ee728b)
Start importing Assets/Course Library using Guid(2ba80c39eae1f41cabe635f43844c023) Importer(815301076,1909f56bfc062723c751e8b465ee728b)  -> (artifact id: '9a8a7de2330cb966848072293e9be522') in 0.004407 seconds 
========================================================================
Received Import Request.
  Time since last request: 4.112338 seconds.
  path: Assets/Scenes/Prototype 3.unity
  artifactKey: Guid(dc8c9f3efd746429fa6f9482dc779492) Importer(815301076,1909f56bfc062723c751e8b465ee728b)
Start importing Assets/Scenes/Prototype 3.unity using Guid(dc8c9f3efd746429fa6f9482dc779492) Importer(815301076,1909f56bfc062723c751e8b465ee728b)  -> (artifact id: '75f8a2e35833965256875906e72d7fb8') in 0.000551 seconds 
========================================================================
Received Import Request.
  Time since last request: 299.969315 seconds.
  path: Assets/Course Library/_Source_Files/Textures/Background_City.png
  artifactKey: Guid(66ce0fda7508547d2be6b20eac53f119) Importer(815301076,1909f56bfc062723c751e8b465ee728b)
Start importing Assets/Course Library/_Source_Files/Textures/Background_City.png using Guid(66ce0fda7508547d2be6b20eac53f119) Importer(815301076,1909f56bfc062723c751e8b465ee728b)  -> (artifact id: '0734fa6ba1146fcd335c6ca4228bd199') in 0.970501 seconds 
========================================================================
Received Import Request.
  Time since last request: 0.000096 seconds.
  path: Assets/Course Library/_Source_Files/Textures/Background_Town.png
  artifactKey: Guid(640fa9e54570b4acbbc4acf8f3bf8663) Importer(815301076,1909f56bfc062723c751e8b465ee728b)
Start importing Assets/Course Library/_Source_Files/Textures/Background_Town.png using Guid(640fa9e54570b4acbbc4acf8f3bf8663) Importer(815301076,1909f56bfc062723c751e8b465ee728b)  -> (artifact id: '44bb5c53b9fe84f682a52ecb70537be1') in 0.051733 seconds 
========================================================================
Received Import Request.
  Time since last request: 0.000078 seconds.
  path: Packages/com.unity.collab-proxy/Editor/PlasticSCM/Assets/Images/buttonssosigninemail@2x.png
  artifactKey: Guid(ddf2e76e8a1f88f46ae1e42277850b48) Importer(815301076,1909f56bfc062723c751e8b465ee728b)
Start importing Packages/com.unity.collab-proxy/Editor/PlasticSCM/Assets/Images/buttonssosigninemail@2x.png using Guid(ddf2e76e8a1f88f46ae1e42277850b48) Importer(815301076,1909f56bfc062723c751e8b465ee728b)  -> (artifact id: '630ee446e0529c947e941ea843ce1e60') in 0.012666 seconds 
========================================================================
Received Import Request.
  Time since last request: 228.011590 seconds.
  path: Assets/Course Library/Characters
  artifactKey: Guid(2ab30495d8cc04868921a3eb89f430d4) Importer(815301076,1909f56bfc062723c751e8b465ee728b)
Start importing Assets/Course Library/Characters using Guid(2ab30495d8cc04868921a3eb89f430d4) Importer(815301076,1909f56bfc062723c751e8b465ee728b)  -> (artifact id: '2ce967243ca40fb0853609b80ff0f234') in 0.004802 seconds 
========================================================================
Received Import Request.
  Time since last request: 2.761083 seconds.
  path: Assets/Course Library/Characters/Farm
  artifactKey: Guid(9032ce177a9f74d5f8e7743a2d35e3fa) Importer(815301076,1909f56bfc062723c751e8b465ee728b)
Start importing Assets/Course Library/Characters/Farm using Guid(9032ce177a9f74d5f8e7743a2d35e3fa) Importer(815301076,1909f56bfc062723c751e8b465ee728b)  -> (artifact id: '8ad8a2e2935dcbf381df06389d4fc8f9') in 0.001333 seconds 
========================================================================
Received Import Request.
  Time since last request: 1.315450 seconds.
  path: Assets/Course Library/Characters/Farm/SimpleFarmer_Man_01_Brown.prefab
  artifactKey: Guid(6f52b946693e54048af74f5cd6ba49f8) Importer(815301076,1909f56bfc062723c751e8b465ee728b)
Start importing Assets/Course Library/Characters/Farm/SimpleFarmer_Man_01_Brown.prefab using Guid(6f52b946693e54048af74f5cd6ba49f8) Importer(815301076,1909f56bfc062723c751e8b465ee728b)  -> (artifact id: 'bf81887642b5e91fc403b87aa7bde715') in 0.279929 seconds 
========================================================================
Received Import Request.
  Time since last request: 3.484425 seconds.
  path: Assets/Course Library/Characters/Town
  artifactKey: Guid(1c40e59f62d66499483f34d7d8e9fc29) Importer(815301076,1909f56bfc062723c751e8b465ee728b)
Start importing Assets/Course Library/Characters/Town using Guid(1c40e59f62d66499483f34d7d8e9fc29) Importer(815301076,1909f56bfc062723c751e8b465ee728b)  -> (artifact id: '23c505a8ea25bc9d2427f97ff9cf3bab') in 0.001287 seconds 
========================================================================
Received Import Request.
  Time since last request: 1.786612 seconds.
  path: Assets/Course Library/Characters/Town/SimplePeople_Man_Business_Brown.prefab
  artifactKey: Guid(c14bb5ce28dbb7442a2f79d8b6a061ce) Importer(815301076,1909f56bfc062723c751e8b465ee728b)
Start importing Assets/Course Library/Characters/Town/SimplePeople_Man_Business_Brown.prefab using Guid(c14bb5ce28dbb7442a2f79d8b6a061ce) Importer(815301076,1909f56bfc062723c751e8b465ee728b)  -> (artifact id: '1f4a84a0f7a26d0bc53278fb3cf4df77') in 0.032800 seconds 
========================================================================
Received Import Request.
  Time since last request: 0.937636 seconds.
  path: Assets/Course Library/Characters/Town/SimplePeople_Man_Business_Black.prefab
  artifactKey: Guid(2f8d00bf5057f624e949aef802595da9) Importer(815301076,1909f56bfc062723c751e8b465ee728b)
Start importing Assets/Course Library/Characters/Town/SimplePeople_Man_Business_Black.prefab using Guid(2f8d00bf5057f624e949aef802595da9) Importer(815301076,1909f56bfc062723c751e8b465ee728b)  -> (artifact id: '28de7294de8a59dd986a147b6da7131c') in 0.029385 seconds 
========================================================================
Received Import Request.
  Time since last request: 7.949462 seconds.
  path: Assets/Course Library/Characters/Town/SimplePeople_Man_Business_White.prefab
  artifactKey: Guid(b186f9485a0828b468f98fe846ae1a68) Importer(815301076,1909f56bfc062723c751e8b465ee728b)
Start importing Assets/Course Library/Characters/Town/SimplePeople_Man_Business_White.prefab using Guid(b186f9485a0828b468f98fe846ae1a68) Importer(815301076,1909f56bfc062723c751e8b465ee728b)  -> (artifact id: '73b9e762607a90c230c932e12a624470') in 0.037571 seconds 
========================================================================
Received Import Request.
  Time since last request: 0.617086 seconds.
  path: Assets/Course Library/Characters/Town/SimplePeople_Man_Punk_Black.prefab
  artifactKey: Guid(fe32ce89f99911a478ea9e6736294382) Importer(815301076,1909f56bfc062723c751e8b465ee728b)
Start importing Assets/Course Library/Characters/Town/SimplePeople_Man_Punk_Black.prefab using Guid(fe32ce89f99911a478ea9e6736294382) Importer(815301076,1909f56bfc062723c751e8b465ee728b)  -> (artifact id: '2c6e20666db6debcd2693328d4c37c7a') in 0.031034 seconds 
========================================================================
Received Import Request.
  Time since last request: 0.611784 seconds.
  path: Assets/Course Library/Characters/Town/SimplePeople_Man_Punk_Brown.prefab
  artifactKey: Guid(4a7c3ad7168bb834b87a91e3f94ad3d6) Importer(815301076,1909f56bfc062723c751e8b465ee728b)
Start importing Assets/Course Library/Characters/Town/SimplePeople_Man_Punk_Brown.prefab using Guid(4a7c3ad7168bb834b87a91e3f94ad3d6) Importer(815301076,1909f56bfc062723c751e8b465ee728b)  -> (artifact id: 'b3b6f322162164ce02e4fc6ebe0cc2bf') in 0.025527 seconds 
========================================================================
Received Import Request.
  Time since last request: 0.546566 seconds.
  path: Assets/Course Library/Characters/Town/SimplePeople_Man_Punk_White.prefab
  artifactKey: Guid(f147a01ef442b2345a3546109476c690) Importer(815301076,1909f56bfc062723c751e8b465ee728b)
Start importing Assets/Course Library/Characters/Town/SimplePeople_Man_Punk_White.prefab using Guid(f147a01ef442b2345a3546109476c690) Importer(815301076,1909f56bfc062723c751e8b465ee728b)  -> (artifact id: 'd92b92a3c63688994e60d65b58d7890f') in 0.024912 seconds 
========================================================================
Received Import Request.
  Time since last request: 2.399455 seconds.
  path: Assets/Course Library/Characters/Town/SimplePeople_Man_RoadWorker_White.prefab
  artifactKey: Guid(0703a1849c2c89b4db4568688faf0c5f) Importer(815301076,1909f56bfc062723c751e8b465ee728b)
Start importing Assets/Course Library/Characters/Town/SimplePeople_Man_RoadWorker_White.prefab using Guid(0703a1849c2c89b4db4568688faf0c5f) Importer(815301076,1909f56bfc062723c751e8b465ee728b)  -> (artifact id: 'c2d3d02132eb701acf041d74bc30ffb7') in 0.045593 seconds 
========================================================================
Received Import Request.
  Time since last request: 1.623944 seconds.
  path: Assets/Course Library/Characters/Town/SimplePeople_Man_RoadWorker_Brown.prefab
  artifactKey: Guid(70ab0d3e71b54ac4bbd703cb0a686c4d) Importer(815301076,1909f56bfc062723c751e8b465ee728b)
Start importing Assets/Course Library/Characters/Town/SimplePeople_Man_RoadWorker_Brown.prefab using Guid(70ab0d3e71b54ac4bbd703cb0a686c4d) Importer(815301076,1909f56bfc062723c751e8b465ee728b)  -> (artifact id: '1824977d074cc68c7e2ea8e148060b70') in 0.030828 seconds 
========================================================================
Received Import Request.
  Time since last request: 0.598595 seconds.
  path: Assets/Course Library/Characters/Town/SimplePeople_Man_RoadWorker_Black.prefab
  artifactKey: Guid(3afad42cab5a57a4c9f19f8deaaf8689) Importer(815301076,1909f56bfc062723c751e8b465ee728b)
Start importing Assets/Course Library/Characters/Town/SimplePeople_Man_RoadWorker_Black.prefab using Guid(3afad42cab5a57a4c9f19f8deaaf8689) Importer(815301076,1909f56bfc062723c751e8b465ee728b)  -> (artifact id: '826609476faf45529c46946398cabb0f') in 0.034453 seconds 
========================================================================
Received Import Request.
  Time since last request: 178.395602 seconds.
  path: Assets/Script
  artifactKey: Guid(801fb6147c6954f5db3cf600e2cb7888) Importer(815301076,1909f56bfc062723c751e8b465ee728b)
Start importing Assets/Script using Guid(801fb6147c6954f5db3cf600e2cb7888) Importer(815301076,1909f56bfc062723c751e8b465ee728b)  -> (artifact id: '37359377307a6fce9cbfc581477959d5') in 0.002428 seconds 
========================================================================
Received Import Request.
  Time since last request: 3.006008 seconds.
  path: Assets/Scenes
  artifactKey: Guid(6ea315d0fd7389c41b19996891e99ae3) Importer(815301076,1909f56bfc062723c751e8b465ee728b)
Start importing Assets/Scenes using Guid(6ea315d0fd7389c41b19996891e99ae3) Importer(815301076,1909f56bfc062723c751e8b465ee728b)  -> (artifact id: 'b8193726cff86800c54781cdc6d54904') in 0.001571 seconds 
========================================================================
Received Import Request.
  Time since last request: 13.172598 seconds.
  path: Assets/Scripts
  artifactKey: Guid(801fb6147c6954f5db3cf600e2cb7888) Importer(815301076,1909f56bfc062723c751e8b465ee728b)
Start importing Assets/Scripts using Guid(801fb6147c6954f5db3cf600e2cb7888) Importer(815301076,1909f56bfc062723c751e8b465ee728b)  -> (artifact id: '4beed6f01d47b7bdb4ecec8380159eeb') in 0.003174 seconds 
========================================================================
Received Import Request.
  Time since last request: 22.279343 seconds.
  path: Assets/Scripts/PlayerController.cs
  artifactKey: Guid(600e0117a94fa4ac8bae0752c1251dc7) Importer(815301076,1909f56bfc062723c751e8b465ee728b)
Start importing Assets/Scripts/PlayerController.cs using Guid(600e0117a94fa4ac8bae0752c1251dc7) Importer(815301076,1909f56bfc062723c751e8b465ee728b)  -> (artifact id: 'cb9b2fae51a5a305499a7ec528bb8326') in 0.138504 seconds 
========================================================================
Received Prepare
Registering precompiled user dll's ...
Registered in 0.002364 seconds.
Begin MonoManager ReloadAssembly
Thread 0x17a99f000 may have been prematurely finalized
Symbol file LoadedFromMemory doesn't match image /Users/linwenhao/Library/CloudStorage/OneDrive-ROCHorizonCollege/学习/learn_unity/Prototype 3/Library/PackageCache/com.unity.visualscripting@1.7.8/Editor/VisualScripting.Core/Dependencies/YamlDotNet/Unity.VisualScripting.YamlDotNet.dll
Symbol file LoadedFromMemory doesn't match image /Users/linwenhao/Library/CloudStorage/OneDrive-ROCHorizonCollege/学习/learn_unity/Prototype 3/Library/PackageCache/com.unity.visualscripting@1.7.8/Editor/VisualScripting.Core/Dependencies/DotNetZip/Unity.VisualScripting.IonicZip.dll
Native extension for OSXStandalone target not found
Native extension for WebGL target not found
Refreshing native plugins compatible for Editor in 0.52 ms, found 2 plugins.
Preloading 0 native plugins for Editor in 0.00 ms.
Mono: successfully reloaded assembly
- Completed reload, in  0.702 seconds
Domain Reload Profiling:
	ReloadAssembly (702ms)
		BeginReloadAssembly (122ms)
			ExecutionOrderSort (0ms)
			DisableScriptedObjects (3ms)
			BackupInstance (0ms)
			ReleaseScriptingObjects (0ms)
			CreateAndSetChildDomain (45ms)
		EndReloadAssembly (523ms)
			LoadAssemblies (64ms)
			RebuildTransferFunctionScriptingTraits (1ms)
			SetupTypeCache (190ms)
			ReleaseScriptCaches (1ms)
			RebuildScriptCaches (35ms)
			SetupLoadedEditorAssemblies (218ms)
				LogAssemblyErrors (0ms)
				InitializePlatformSupportModulesInManaged (6ms)
				SetLoadedEditorAssemblies (0ms)
				RefreshPlugins (1ms)
				BeforeProcessingInitializeOnLoad (45ms)
				ProcessInitializeOnLoadAttributes (144ms)
				ProcessInitializeOnLoadMethodAttributes (20ms)
				AfterProcessingInitializeOnLoad (1ms)
				EditorAssembliesLoaded (0ms)
			ExecutionOrderSort2 (0ms)
			AwakeInstancesAfterBackupRestoration (3ms)
Platform modules already initialized, skipping
Refreshing native plugins compatible for Editor in 1.26 ms, found 2 plugins.
Preloading 0 native plugins for Editor in 0.00 ms.
Unloading 3345 Unused Serialized files (Serialized files now loaded: 0)
Unloading 21 unused Assets / (65.5 KB). Loaded Objects now: 3829.
Memory consumption went from 360.0 MB to 360.0 MB.
Total: 2.787500 ms (FindLiveObjects: 0.140792 ms CreateObjectMapping: 0.049042 ms MarkObjects: 2.499875 ms  DeleteObjects: 0.097208 ms)

AssetImportParameters requested are different than current active one (requested -> active):
  custom:video-decoder-ogg-theora: a1e56fd34408186e4bbccfd4996cb3dc -> 
  custom:container-muxer-webm: aa71ff27fc2769a1b78a27578f13a17b -> 
  custom:container-demuxer-webm: 4f35f7cbe854078d1ac9338744f61a02 -> 
  custom:video-encoder-webm-vp8: eb34c28f22e8b96e1ab97ce403110664 -> 
  custom:framework-osx-AVFoundation: e770b220cccbd017edd2c1fefb359320 -> 
  custom:audio-encoder-webm-vorbis: bf7c407c2cedff20999df2af8eb42d56 -> 
  custom:container-demuxer-ogg: 62fdf1f143b41e24485cea50d1cbac27 -> 
  custom:video-decoder-webm-vp8: 9c59270c3fd7afecdb556c50c9e8de78 -> 
  custom:audio-decoder-ogg-vorbis: bf7c407c2cedff20999df2af8eb42d56 -> 
